gcc -Wall -Wextra -g -I include -o bin/tests/test_vm bin/obj/vm.o bin/obj/ad.o bin/obj/utils.o tests/test_vm.c
./bin/tests/test_vm
Running int test program (genTestProgram):
0x1209048d0/0	PUSH.i	2
0x1209048f0/1	CALL	0x120904930
0x120904930/2	ENTER	1
0x120904950/4	PUSH.i	0
0x120904970/5	FPSTORE	1	// i:0, f:0
0x120904990/4	FPLOAD	1	// i:0, f:0
0x1209049b0/5	FPLOAD	-2	// i:2, f:9.88131e-324
0x1209049d0/6	LESS.i	// 0<2 -> 1
0x1209049f0/5	JF	0x120904af0	// 1
0x120904a10/4	FPLOAD	1	// i:0, f:0
0x120904a30/5	CALL_EXT	0x102a08908
=> 0
0x120904a50/4	FPLOAD	1	// i:0, f:0
0x120904a70/5	PUSH.i	1
0x120904a90/6	ADD.i	// 0+1 -> 1
0x120904ab0/5	FPSTORE	1	// i:1, f:4.94066e-324
0x120904ad0/4	JMP	0x120904990
0x120904990/4	FPLOAD	1	// i:1, f:4.94066e-324
0x1209049b0/5	FPLOAD	-2	// i:2, f:9.88131e-324
0x1209049d0/6	LESS.i	// 1<2 -> 1
0x1209049f0/5	JF	0x120904af0	// 1
0x120904a10/4	FPLOAD	1	// i:1, f:4.94066e-324
0x120904a30/5	CALL_EXT	0x102a08908
=> 1
0x120904a50/4	FPLOAD	1	// i:1, f:4.94066e-324
0x120904a70/5	PUSH.i	1
0x120904a90/6	ADD.i	// 1+1 -> 2
0x120904ab0/5	FPSTORE	1	// i:2, f:9.88131e-324
0x120904ad0/4	JMP	0x120904990
0x120904990/4	FPLOAD	1	// i:2, f:9.88131e-324
0x1209049b0/5	FPLOAD	-2	// i:2, f:9.88131e-324
0x1209049d0/6	LESS.i	// 2<2 -> 0
0x1209049f0/5	JF	0x120904af0	// 0
0x120904af0/4	RET_VOID	1
0x120904910/0	HALT
Running double test program (genTestDoubleProgram):
0x1208049f0/0	PUSH.f	2
0x120804a10/1	CALL	0x120804a50
0x120804a50/2	ENTER	1
0x120804a70/4	PUSH.f	0
0x120804a90/5	FPSTORE	1	// i:0, f:0
0x120804ab0/4	FPLOAD	1	// i:0, f:0
0x120804ad0/5	FPLOAD	-2	// i:0, f:2
0x120804af0/6	LESS.f	// 0<2 -> 1
0x120804b10/5	JF	0x120804c10	// 1
0x120804b30/4	FPLOAD	1	// i:0, f:0
0x120804b50/5	CALL_EXT	0x102a0893c
=> 0
0x120804b70/4	FPLOAD	1	// i:0, f:0
0x120804b90/5	PUSH.f	0.5
0x120804bb0/6	ADD.f	// 0+0.5 -> 0.5
0x120804bd0/5	FPSTORE	1	// i:0, f:0.5
0x120804bf0/4	JMP	0x120804ab0
0x120804ab0/4	FPLOAD	1	// i:0, f:0.5
0x120804ad0/5	FPLOAD	-2	// i:0, f:2
0x120804af0/6	LESS.f	// 0.5<2 -> 1
0x120804b10/5	JF	0x120804c10	// 1
0x120804b30/4	FPLOAD	1	// i:0, f:0.5
0x120804b50/5	CALL_EXT	0x102a0893c
=> 0.5
0x120804b70/4	FPLOAD	1	// i:0, f:0.5
0x120804b90/5	PUSH.f	0.5
0x120804bb0/6	ADD.f	// 0.5+0.5 -> 1
0x120804bd0/5	FPSTORE	1	// i:0, f:1
0x120804bf0/4	JMP	0x120804ab0
0x120804ab0/4	FPLOAD	1	// i:0, f:1
0x120804ad0/5	FPLOAD	-2	// i:0, f:2
0x120804af0/6	LESS.f	// 1<2 -> 1
0x120804b10/5	JF	0x120804c10	// 1
0x120804b30/4	FPLOAD	1	// i:0, f:1
0x120804b50/5	CALL_EXT	0x102a0893c
=> 1
0x120804b70/4	FPLOAD	1	// i:0, f:1
0x120804b90/5	PUSH.f	0.5
0x120804bb0/6	ADD.f	// 1+0.5 -> 1.5
0x120804bd0/5	FPSTORE	1	// i:0, f:1.5
0x120804bf0/4	JMP	0x120804ab0
0x120804ab0/4	FPLOAD	1	// i:0, f:1.5
0x120804ad0/5	FPLOAD	-2	// i:0, f:2
0x120804af0/6	LESS.f	// 1.5<2 -> 1
0x120804b10/5	JF	0x120804c10	// 1
0x120804b30/4	FPLOAD	1	// i:0, f:1.5
0x120804b50/5	CALL_EXT	0x102a0893c
=> 1.5
0x120804b70/4	FPLOAD	1	// i:0, f:1.5
0x120804b90/5	PUSH.f	0.5
0x120804bb0/6	ADD.f	// 1.5+0.5 -> 2
0x120804bd0/5	FPSTORE	1	// i:0, f:2
0x120804bf0/4	JMP	0x120804ab0
0x120804ab0/4	FPLOAD	1	// i:0, f:2
0x120804ad0/5	FPLOAD	-2	// i:0, f:2
0x120804af0/6	LESS.f	// 2<2 -> 0
0x120804b10/5	JF	0x120804c10	// 0
0x120804c10/4	RET_VOID	1
0x120804a30/0	HALT
Running test 1 (genTest1):
0x120a043e0/0	PUSH.i	5
0x120a04400/1	PUSH.f	0
0x120a04420/2	CALL	0x120a04460
0x120a04460/3	ENTER	2
0x120a04480/6	PUSH.i	0
0x120a044a0/7	FPSTORE	1	// i:0, f:0
0x120a044c0/6	FPLOAD	1	// i:0, f:0
0x120a044e0/7	FPLOAD	-2	// i:0, f:0
0x120a04500/8	LESS.i	// 0<0 -> 0
0x120a04520/7	JF	0x120a04680	// 0
0x120a04680/6	RET_VOID	2
0x120a04440/0	HALT


Running test 2 (genTest2):
0x120a04390/0	PUSH.f	3.5
0x120a043b0/1	CALL	0x120a04d20
0x120a04d20/2	ENTER	2
0x120a04d40/5	CALL_EXT	0x102a089e8

0x120a04d60/5	CONV.i.f	// 0 -> 0
0x120a04d80/5	FPSTORE	1	// i:0, f:0
0x120a04da0/4	CALL_EXT	0x102a089e8

0x120a04dc0/4	CONV.i.f	// 0 -> 0
0x120a04de0/4	FPSTORE	2	// i:0, f:0
0x120a04e00/3	FPLOAD	-2	// i:0, f:3.5
0x120a04e20/4	FPLOAD	-2	// i:0, f:3.5
0x120a04e40/5	CONV.f.i	// 3.5 -> 3
0x120a04e60/5	FPLOAD	1	// i:0, f:3.5
0x120a04e80/6	CONV.f.i	// 3.5 -> 3
0x120a04ea0/6	FPLOAD	2	// i:3, f:3.5
0x120a04ec0/7	CONV.f.i	// 3.5 -> 3
0x120a04ee0/7	CALL_EXT	0x102a089b0

0x120a04f00/7	CONV.i.f	// 3 -> 3
0x120a04f20/7	FPLOAD	-2	// i:0, f:3.5
0x120a04f40/8	EQ.f	// 3==3.5 -> 0
0x120a04f60/7	JF	0x120a04fc0	// 0
0x120a04fc0/6	FPLOAD	1	// i:0, f:3.5
0x120a04fe0/7	FPLOAD	2	// i:3, f:3.5
0x120a05000/8	GT.f	// 3.5>3.5 -> 0
0x120a05020/7	JF	0x120a05080	// 0
0x120a05080/6	PUSH.i	1
0x120a050a0/7	RET	1	// return value: i:1, f:3.5
0x120a04d00/1	HALT


Running test 3 (genTest3):
0x120a053c0/1	PUSH.f	1
0x120a053e0/2	PUSH.f	2
0x120a05400/3	PUSH.f	1
0x120a05420/4	CALL	0x120a05460
0x120a05460/5	ENTER	1
0x120a05480/7	FPLOAD	-1	// i:547378240, f:2.39244e-314
0x120a054a0/8	FPLOAD	-1	// i:547378240, f:2.39244e-314
0x120a054c0/9	ADD.f	// 2.39244e-314+2.39244e-314 -> 4.78487e-314
0x120a054e0/8	PUSH.f	4
0x120a05500/9	FPLOAD	-2	// i:0, f:1
0x120a05520/10	FPLOAD	0	// i:0, f:0
0x120a05540/11	ADD.f	// 1+0 -> 1
0x120a05560/10	ADD.f	// 4+1 -> 5
0x120a05580/9	ADD.f	// 4.78487e-314+5 -> 5
0x120a055a0/8	PUSH.i	0
0x120a055c0/9	FPSTORE	1	// i:0, f:5
0x120a055e0/8	FPLOAD	1	// i:0, f:5
0x120a05600/9	RET_VOID	1


0x120a05440/3	HALT
Running test 4 (genTest4):
0x120a05920/3	PUSH.i	5
0x120a05940/4	CALL	0x120a05980
0x120a05980/5	ENTER	2
0x120a059a0/8	FPLOAD	-2	// i:5, f:1
0x120a059c0/9	PUSH.i	0
0x120a059e0/10	LESS.i	// 5<0 -> 0
0x120a05a00/9	JF	0x120a05ae0	// 0
0x120a05ae0/8	FPLOAD	1	// i:0, f:5
0x120a05b00/9	FPLOAD	-2	// i:5, f:1
0x120a05b20/10	LESS.i	// 0<5 -> 1
0x120a05b40/9	JF	0x120a05c80	// 1
0x120a05b60/8	FPLOAD	2	// i:0, f:5
0x120a05b80/9	FPLOAD	1	// i:0, f:5
0x120a05ba0/10	ADD.i	// 0+0 -> 0
0x120a05bc0/9	FPSTORE	2	// i:0, f:5
0x120a05be0/8	FPLOAD	1	// i:0, f:5
0x120a05c00/9	PUSH.i	1
0x120a05c20/10	ADD.i	// 0+1 -> 1
0x120a05c40/9	FPSTORE	1	// i:1, f:5
0x120a05c60/8	JMP	0x120a05ae0
0x120a05ae0/8	FPLOAD	1	// i:1, f:5
0x120a05b00/9	FPLOAD	-2	// i:5, f:1
0x120a05b20/10	LESS.i	// 1<5 -> 1
0x120a05b40/9	JF	0x120a05c80	// 1
0x120a05b60/8	FPLOAD	2	// i:0, f:5
0x120a05b80/9	FPLOAD	1	// i:1, f:5
0x120a05ba0/10	ADD.i	// 0+1 -> 1
0x120a05bc0/9	FPSTORE	2	// i:1, f:5
0x120a05be0/8	FPLOAD	1	// i:1, f:5
0x120a05c00/9	PUSH.i	1
0x120a05c20/10	ADD.i	// 1+1 -> 2
0x120a05c40/9	FPSTORE	1	// i:2, f:5
0x120a05c60/8	JMP	0x120a05ae0
0x120a05ae0/8	FPLOAD	1	// i:2, f:5
0x120a05b00/9	FPLOAD	-2	// i:5, f:1
0x120a05b20/10	LESS.i	// 2<5 -> 1
0x120a05b40/9	JF	0x120a05c80	// 1
0x120a05b60/8	FPLOAD	2	// i:1, f:5
0x120a05b80/9	FPLOAD	1	// i:2, f:5
0x120a05ba0/10	ADD.i	// 1+2 -> 3
0x120a05bc0/9	FPSTORE	2	// i:3, f:5
0x120a05be0/8	FPLOAD	1	// i:2, f:5
0x120a05c00/9	PUSH.i	1
0x120a05c20/10	ADD.i	// 2+1 -> 3
0x120a05c40/9	FPSTORE	1	// i:3, f:5
0x120a05c60/8	JMP	0x120a05ae0
0x120a05ae0/8	FPLOAD	1	// i:3, f:5
0x120a05b00/9	FPLOAD	-2	// i:5, f:1
0x120a05b20/10	LESS.i	// 3<5 -> 1
0x120a05b40/9	JF	0x120a05c80	// 1
0x120a05b60/8	FPLOAD	2	// i:3, f:5
0x120a05b80/9	FPLOAD	1	// i:3, f:5
0x120a05ba0/10	ADD.i	// 3+3 -> 6
0x120a05bc0/9	FPSTORE	2	// i:6, f:5
0x120a05be0/8	FPLOAD	1	// i:3, f:5
0x120a05c00/9	PUSH.i	1
0x120a05c20/10	ADD.i	// 3+1 -> 4
0x120a05c40/9	FPSTORE	1	// i:4, f:5
0x120a05c60/8	JMP	0x120a05ae0
0x120a05ae0/8	FPLOAD	1	// i:4, f:5
0x120a05b00/9	FPLOAD	-2	// i:5, f:1
0x120a05b20/10	LESS.i	// 4<5 -> 1
0x120a05b40/9	JF	0x120a05c80	// 1
0x120a05b60/8	FPLOAD	2	// i:6, f:5
0x120a05b80/9	FPLOAD	1	// i:4, f:5
0x120a05ba0/10	ADD.i	// 6+4 -> 10
0x120a05bc0/9	FPSTORE	2	// i:10, f:5
0x120a05be0/8	FPLOAD	1	// i:4, f:5
0x120a05c00/9	PUSH.i	1
0x120a05c20/10	ADD.i	// 4+1 -> 5
0x120a05c40/9	FPSTORE	1	// i:5, f:5
0x120a05c60/8	JMP	0x120a05ae0
0x120a05ae0/8	FPLOAD	1	// i:5, f:5
0x120a05b00/9	FPLOAD	-2	// i:5, f:1
0x120a05b20/10	LESS.i	// 5<5 -> 0
0x120a05b40/9	JF	0x120a05c80	// 0
0x120a05c80/8	FPLOAD	2	// i:10, f:5
0x120a05ca0/9	RET_VOID	1
0x120a05960/3	HALT






Running test 5 (genTest5):
0x120a05fc0/3	PUSH.i	2
0x120a05fe0/4	PUSH.i	2
0x120a06000/5	CALL	0x120a06040
0x120a06040/6	ENTER	0
0x120a06060/7	FPLOAD	-3	// i:2, f:1
0x120a06080/8	PUSH.i	0
0x120a060a0/9	EQ.i	// 2==0 -> 0
0x120a060c0/8	JF	0x120a06160	// 0
0x120a06160/7	FPLOAD	-3	// i:2, f:1
0x120a06180/8	PUSH.i	0
0x120a061a0/9	GT.i	// 2>0 -> 1
0x120a061c0/8	FPLOAD	-2	// i:2, f:2.122e-314
0x120a061e0/9	PUSH.i	0
0x120a06200/10	EQ.i	// 2==0 -> 0
0x120a06220/9	AND	// 1&&0 -> 0
0x120a06240/8	JF	0x120a06320	// 0
0x120a06320/7	FPLOAD	-3	// i:2, f:1
0x120a06340/8	PUSH.i	1
0x120a06360/9	SUB.i	// 2-1 -> 1
0x120a06380/8	FPLOAD	-3	// i:2, f:1
0x120a063a0/9	FPLOAD	-2	// i:2, f:2.122e-314
0x120a063c0/10	PUSH.i	1
0x120a063e0/11	SUB.i	// 2-1 -> 1
0x120a06400/10	CALL	0x120a06040
0x120a06040/11	ENTER	0
0x120a06060/12	FPLOAD	-3	// i:2, f:1
0x120a06080/13	PUSH.i	0
0x120a060a0/14	EQ.i	// 2==0 -> 0
0x120a060c0/13	JF	0x120a06160	// 0
0x120a06160/12	FPLOAD	-3	// i:2, f:1
0x120a06180/13	PUSH.i	0
0x120a061a0/14	GT.i	// 2>0 -> 1
0x120a061c0/13	FPLOAD	-2	// i:1, f:2.122e-314
0x120a061e0/14	PUSH.i	0
0x120a06200/15	EQ.i	// 1==0 -> 0
0x120a06220/14	AND	// 1&&0 -> 0
0x120a06240/13	JF	0x120a06320	// 0
0x120a06320/12	FPLOAD	-3	// i:2, f:1
0x120a06340/13	PUSH.i	1
0x120a06360/14	SUB.i	// 2-1 -> 1
0x120a06380/13	FPLOAD	-3	// i:2, f:1
0x120a063a0/14	FPLOAD	-2	// i:1, f:2.122e-314
0x120a063c0/15	PUSH.i	1
0x120a063e0/16	SUB.i	// 1-1 -> 0
0x120a06400/15	CALL	0x120a06040
0x120a06040/16	ENTER	0
0x120a06060/17	FPLOAD	-3	// i:2, f:1
0x120a06080/18	PUSH.i	0
0x120a060a0/19	EQ.i	// 2==0 -> 0
0x120a060c0/18	JF	0x120a06160	// 0
0x120a06160/17	FPLOAD	-3	// i:2, f:1
0x120a06180/18	PUSH.i	0
0x120a061a0/19	GT.i	// 2>0 -> 1
0x120a061c0/18	FPLOAD	-2	// i:0, f:2.122e-314
0x120a061e0/19	PUSH.i	0
0x120a06200/20	EQ.i	// 0==0 -> 1
0x120a06220/19	AND	// 1&&1 -> 1
0x120a06240/18	JF	0x120a06320	// 1
0x120a06260/17	FPLOAD	-3	// i:2, f:1
0x120a06280/18	PUSH.i	1
0x120a062a0/19	SUB.i	// 2-1 -> 1
0x120a062c0/18	PUSH.i	1
0x120a062e0/19	CALL	0x120a06040
0x120a06040/20	ENTER	0
0x120a06060/21	FPLOAD	-3	// i:1, f:1
0x120a06080/22	PUSH.i	0
0x120a060a0/23	EQ.i	// 1==0 -> 0
0x120a060c0/22	JF	0x120a06160	// 0
0x120a06160/21	FPLOAD	-3	// i:1, f:1
0x120a06180/22	PUSH.i	0
0x120a061a0/23	GT.i	// 1>0 -> 1
0x120a061c0/22	FPLOAD	-2	// i:1, f:2.122e-314
0x120a061e0/23	PUSH.i	0
0x120a06200/24	EQ.i	// 1==0 -> 0
0x120a06220/23	AND	// 1&&0 -> 0
0x120a06240/22	JF	0x120a06320	// 0
0x120a06320/21	FPLOAD	-3	// i:1, f:1
0x120a06340/22	PUSH.i	1
0x120a06360/23	SUB.i	// 1-1 -> 0
0x120a06380/22	FPLOAD	-3	// i:1, f:1
0x120a063a0/23	FPLOAD	-2	// i:1, f:2.122e-314
0x120a063c0/24	PUSH.i	1
0x120a063e0/25	SUB.i	// 1-1 -> 0
0x120a06400/24	CALL	0x120a06040
0x120a06040/25	ENTER	0
0x120a06060/26	FPLOAD	-3	// i:1, f:1
0x120a06080/27	PUSH.i	0
0x120a060a0/28	EQ.i	// 1==0 -> 0
0x120a060c0/27	JF	0x120a06160	// 0
0x120a06160/26	FPLOAD	-3	// i:1, f:1
0x120a06180/27	PUSH.i	0
0x120a061a0/28	GT.i	// 1>0 -> 1
0x120a061c0/27	FPLOAD	-2	// i:0, f:2.122e-314
0x120a061e0/28	PUSH.i	0
0x120a06200/29	EQ.i	// 0==0 -> 1
0x120a06220/28	AND	// 1&&1 -> 1
0x120a06240/27	JF	0x120a06320	// 1
0x120a06260/26	FPLOAD	-3	// i:1, f:1
0x120a06280/27	PUSH.i	1
0x120a062a0/28	SUB.i	// 1-1 -> 0
0x120a062c0/27	PUSH.i	1
0x120a062e0/28	CALL	0x120a06040
0x120a06040/29	ENTER	0
0x120a06060/30	FPLOAD	-3	// i:0, f:1
0x120a06080/31	PUSH.i	0
0x120a060a0/32	EQ.i	// 0==0 -> 1
0x120a060c0/31	JF	0x120a06160	// 1
0x120a060e0/30	FPLOAD	-2	// i:1, f:2.122e-314
0x120a06100/31	PUSH.i	1
0x120a06120/32	ADD.i	// 1+1 -> 2
0x120a06140/31	RET	2	// return value: i:2, f:2.122e-314
0x120a06300/27	RET	2	// return value: i:2, f:2.122e-314
0x120a06420/23	CALL	0x120a06040
0x120a06040/24	ENTER	0
0x120a06060/25	FPLOAD	-3	// i:0, f:1
0x120a06080/26	PUSH.i	0
0x120a060a0/27	EQ.i	// 0==0 -> 1
0x120a060c0/26	JF	0x120a06160	// 1
0x120a060e0/25	FPLOAD	-2	// i:2, f:2.122e-314
0x120a06100/26	PUSH.i	1
0x120a06120/27	ADD.i	// 2+1 -> 3
0x120a06140/26	RET	2	// return value: i:3, f:2.122e-314
0x120a06440/22	RET	2	// return value: i:3, f:2.122e-314
0x120a06300/18	RET	2	// return value: i:3, f:2.122e-314
0x120a06420/14	CALL	0x120a06040
0x120a06040/15	ENTER	0
0x120a06060/16	FPLOAD	-3	// i:1, f:1
0x120a06080/17	PUSH.i	0
0x120a060a0/18	EQ.i	// 1==0 -> 0
0x120a060c0/17	JF	0x120a06160	// 0
0x120a06160/16	FPLOAD	-3	// i:1, f:1
0x120a06180/17	PUSH.i	0
0x120a061a0/18	GT.i	// 1>0 -> 1
0x120a061c0/17	FPLOAD	-2	// i:3, f:2.122e-314
0x120a061e0/18	PUSH.i	0
0x120a06200/19	EQ.i	// 3==0 -> 0
0x120a06220/18	AND	// 1&&0 -> 0
0x120a06240/17	JF	0x120a06320	// 0
0x120a06320/16	FPLOAD	-3	// i:1, f:1
0x120a06340/17	PUSH.i	1
0x120a06360/18	SUB.i	// 1-1 -> 0
0x120a06380/17	FPLOAD	-3	// i:1, f:1
0x120a063a0/18	FPLOAD	-2	// i:3, f:2.122e-314
0x120a063c0/19	PUSH.i	1
0x120a063e0/20	SUB.i	// 3-1 -> 2
0x120a06400/19	CALL	0x120a06040
0x120a06040/20	ENTER	0
0x120a06060/21	FPLOAD	-3	// i:1, f:1
0x120a06080/22	PUSH.i	0
0x120a060a0/23	EQ.i	// 1==0 -> 0
0x120a060c0/22	JF	0x120a06160	// 0
0x120a06160/21	FPLOAD	-3	// i:1, f:1
0x120a06180/22	PUSH.i	0
0x120a061a0/23	GT.i	// 1>0 -> 1
0x120a061c0/22	FPLOAD	-2	// i:2, f:2.122e-314
0x120a061e0/23	PUSH.i	0
0x120a06200/24	EQ.i	// 2==0 -> 0
0x120a06220/23	AND	// 1&&0 -> 0
0x120a06240/22	JF	0x120a06320	// 0
0x120a06320/21	FPLOAD	-3	// i:1, f:1
0x120a06340/22	PUSH.i	1
0x120a06360/23	SUB.i	// 1-1 -> 0
0x120a06380/22	FPLOAD	-3	// i:1, f:1
0x120a063a0/23	FPLOAD	-2	// i:2, f:2.122e-314
0x120a063c0/24	PUSH.i	1
0x120a063e0/25	SUB.i	// 2-1 -> 1
0x120a06400/24	CALL	0x120a06040
0x120a06040/25	ENTER	0
0x120a06060/26	FPLOAD	-3	// i:1, f:1
0x120a06080/27	PUSH.i	0
0x120a060a0/28	EQ.i	// 1==0 -> 0
0x120a060c0/27	JF	0x120a06160	// 0
0x120a06160/26	FPLOAD	-3	// i:1, f:1
0x120a06180/27	PUSH.i	0
0x120a061a0/28	GT.i	// 1>0 -> 1
0x120a061c0/27	FPLOAD	-2	// i:1, f:2.122e-314
0x120a061e0/28	PUSH.i	0
0x120a06200/29	EQ.i	// 1==0 -> 0
0x120a06220/28	AND	// 1&&0 -> 0
0x120a06240/27	JF	0x120a06320	// 0
0x120a06320/26	FPLOAD	-3	// i:1, f:1
0x120a06340/27	PUSH.i	1
0x120a06360/28	SUB.i	// 1-1 -> 0
0x120a06380/27	FPLOAD	-3	// i:1, f:1
0x120a063a0/28	FPLOAD	-2	// i:1, f:2.122e-314
0x120a063c0/29	PUSH.i	1
0x120a063e0/30	SUB.i	// 1-1 -> 0
0x120a06400/29	CALL	0x120a06040
0x120a06040/30	ENTER	0
0x120a06060/31	FPLOAD	-3	// i:1, f:1
0x120a06080/32	PUSH.i	0
0x120a060a0/33	EQ.i	// 1==0 -> 0
0x120a060c0/32	JF	0x120a06160	// 0
0x120a06160/31	FPLOAD	-3	// i:1, f:1
0x120a06180/32	PUSH.i	0
0x120a061a0/33	GT.i	// 1>0 -> 1
0x120a061c0/32	FPLOAD	-2	// i:0, f:2.122e-314
0x120a061e0/33	PUSH.i	0
0x120a06200/34	EQ.i	// 0==0 -> 1
0x120a06220/33	AND	// 1&&1 -> 1
0x120a06240/32	JF	0x120a06320	// 1
0x120a06260/31	FPLOAD	-3	// i:1, f:1
0x120a06280/32	PUSH.i	1
0x120a062a0/33	SUB.i	// 1-1 -> 0
0x120a062c0/32	PUSH.i	1
0x120a062e0/33	CALL	0x120a06040
0x120a06040/34	ENTER	0
0x120a06060/35	FPLOAD	-3	// i:0, f:1
0x120a06080/36	PUSH.i	0
0x120a060a0/37	EQ.i	// 0==0 -> 1
0x120a060c0/36	JF	0x120a06160	// 1
0x120a060e0/35	FPLOAD	-2	// i:1, f:2.122e-314
0x120a06100/36	PUSH.i	1
0x120a06120/37	ADD.i	// 1+1 -> 2
0x120a06140/36	RET	2	// return value: i:2, f:2.122e-314
0x120a06300/32	RET	2	// return value: i:2, f:2.122e-314
0x120a06420/28	CALL	0x120a06040
0x120a06040/29	ENTER	0
0x120a06060/30	FPLOAD	-3	// i:0, f:1
0x120a06080/31	PUSH.i	0
0x120a060a0/32	EQ.i	// 0==0 -> 1
0x120a060c0/31	JF	0x120a06160	// 1
0x120a060e0/30	FPLOAD	-2	// i:2, f:2.122e-314
0x120a06100/31	PUSH.i	1
0x120a06120/32	ADD.i	// 2+1 -> 3
0x120a06140/31	RET	2	// return value: i:3, f:2.122e-314
0x120a06440/27	RET	2	// return value: i:3, f:2.122e-314
0x120a06420/23	CALL	0x120a06040
0x120a06040/24	ENTER	0
0x120a06060/25	FPLOAD	-3	// i:0, f:1
0x120a06080/26	PUSH.i	0
0x120a060a0/27	EQ.i	// 0==0 -> 1
0x120a060c0/26	JF	0x120a06160	// 1
0x120a060e0/25	FPLOAD	-2	// i:3, f:2.122e-314
0x120a06100/26	PUSH.i	1
0x120a06120/27	ADD.i	// 3+1 -> 4
0x120a06140/26	RET	2	// return value: i:4, f:2.122e-314
0x120a06440/22	RET	2	// return value: i:4, f:2.122e-314
0x120a06420/18	CALL	0x120a06040
0x120a06040/19	ENTER	0
0x120a06060/20	FPLOAD	-3	// i:0, f:1
0x120a06080/21	PUSH.i	0
0x120a060a0/22	EQ.i	// 0==0 -> 1
0x120a060c0/21	JF	0x120a06160	// 1
0x120a060e0/20	FPLOAD	-2	// i:4, f:2.122e-314
0x120a06100/21	PUSH.i	1
0x120a06120/22	ADD.i	// 4+1 -> 5
0x120a06140/21	RET	2	// return value: i:5, f:2.122e-314
0x120a06440/17	RET	2	// return value: i:5, f:2.122e-314
0x120a06440/13	RET	2	// return value: i:5, f:2.122e-314
0x120a06420/9	CALL	0x120a06040
0x120a06040/10	ENTER	0
0x120a06060/11	FPLOAD	-3	// i:1, f:1
0x120a06080/12	PUSH.i	0
0x120a060a0/13	EQ.i	// 1==0 -> 0
0x120a060c0/12	JF	0x120a06160	// 0
0x120a06160/11	FPLOAD	-3	// i:1, f:1
0x120a06180/12	PUSH.i	0
0x120a061a0/13	GT.i	// 1>0 -> 1
0x120a061c0/12	FPLOAD	-2	// i:5, f:2.122e-314
0x120a061e0/13	PUSH.i	0
0x120a06200/14	EQ.i	// 5==0 -> 0
0x120a06220/13	AND	// 1&&0 -> 0
0x120a06240/12	JF	0x120a06320	// 0
0x120a06320/11	FPLOAD	-3	// i:1, f:1
0x120a06340/12	PUSH.i	1
0x120a06360/13	SUB.i	// 1-1 -> 0
0x120a06380/12	FPLOAD	-3	// i:1, f:1
0x120a063a0/13	FPLOAD	-2	// i:5, f:2.122e-314
0x120a063c0/14	PUSH.i	1
0x120a063e0/15	SUB.i	// 5-1 -> 4
0x120a06400/14	CALL	0x120a06040
0x120a06040/15	ENTER	0
0x120a06060/16	FPLOAD	-3	// i:1, f:1
0x120a06080/17	PUSH.i	0
0x120a060a0/18	EQ.i	// 1==0 -> 0
0x120a060c0/17	JF	0x120a06160	// 0
0x120a06160/16	FPLOAD	-3	// i:1, f:1
0x120a06180/17	PUSH.i	0
0x120a061a0/18	GT.i	// 1>0 -> 1
0x120a061c0/17	FPLOAD	-2	// i:4, f:2.122e-314
0x120a061e0/18	PUSH.i	0
0x120a06200/19	EQ.i	// 4==0 -> 0
0x120a06220/18	AND	// 1&&0 -> 0
0x120a06240/17	JF	0x120a06320	// 0
0x120a06320/16	FPLOAD	-3	// i:1, f:1
0x120a06340/17	PUSH.i	1
0x120a06360/18	SUB.i	// 1-1 -> 0
0x120a06380/17	FPLOAD	-3	// i:1, f:1
0x120a063a0/18	FPLOAD	-2	// i:4, f:2.122e-314
0x120a063c0/19	PUSH.i	1
0x120a063e0/20	SUB.i	// 4-1 -> 3
0x120a06400/19	CALL	0x120a06040
0x120a06040/20	ENTER	0
0x120a06060/21	FPLOAD	-3	// i:1, f:1
0x120a06080/22	PUSH.i	0
0x120a060a0/23	EQ.i	// 1==0 -> 0
0x120a060c0/22	JF	0x120a06160	// 0
0x120a06160/21	FPLOAD	-3	// i:1, f:1
0x120a06180/22	PUSH.i	0
0x120a061a0/23	GT.i	// 1>0 -> 1
0x120a061c0/22	FPLOAD	-2	// i:3, f:2.122e-314
0x120a061e0/23	PUSH.i	0
0x120a06200/24	EQ.i	// 3==0 -> 0
0x120a06220/23	AND	// 1&&0 -> 0
0x120a06240/22	JF	0x120a06320	// 0
0x120a06320/21	FPLOAD	-3	// i:1, f:1
0x120a06340/22	PUSH.i	1
0x120a06360/23	SUB.i	// 1-1 -> 0
0x120a06380/22	FPLOAD	-3	// i:1, f:1
0x120a063a0/23	FPLOAD	-2	// i:3, f:2.122e-314
0x120a063c0/24	PUSH.i	1
0x120a063e0/25	SUB.i	// 3-1 -> 2
0x120a06400/24	CALL	0x120a06040
0x120a06040/25	ENTER	0
0x120a06060/26	FPLOAD	-3	// i:1, f:1
0x120a06080/27	PUSH.i	0
0x120a060a0/28	EQ.i	// 1==0 -> 0
0x120a060c0/27	JF	0x120a06160	// 0
0x120a06160/26	FPLOAD	-3	// i:1, f:1
0x120a06180/27	PUSH.i	0
0x120a061a0/28	GT.i	// 1>0 -> 1
0x120a061c0/27	FPLOAD	-2	// i:2, f:2.122e-314
0x120a061e0/28	PUSH.i	0
0x120a06200/29	EQ.i	// 2==0 -> 0
0x120a06220/28	AND	// 1&&0 -> 0
0x120a06240/27	JF	0x120a06320	// 0
0x120a06320/26	FPLOAD	-3	// i:1, f:1
0x120a06340/27	PUSH.i	1
0x120a06360/28	SUB.i	// 1-1 -> 0
0x120a06380/27	FPLOAD	-3	// i:1, f:1
0x120a063a0/28	FPLOAD	-2	// i:2, f:2.122e-314
0x120a063c0/29	PUSH.i	1
0x120a063e0/30	SUB.i	// 2-1 -> 1
0x120a06400/29	CALL	0x120a06040
0x120a06040/30	ENTER	0
0x120a06060/31	FPLOAD	-3	// i:1, f:1
0x120a06080/32	PUSH.i	0
0x120a060a0/33	EQ.i	// 1==0 -> 0
0x120a060c0/32	JF	0x120a06160	// 0
0x120a06160/31	FPLOAD	-3	// i:1, f:1
0x120a06180/32	PUSH.i	0
0x120a061a0/33	GT.i	// 1>0 -> 1
0x120a061c0/32	FPLOAD	-2	// i:1, f:2.122e-314
0x120a061e0/33	PUSH.i	0
0x120a06200/34	EQ.i	// 1==0 -> 0
0x120a06220/33	AND	// 1&&0 -> 0
0x120a06240/32	JF	0x120a06320	// 0
0x120a06320/31	FPLOAD	-3	// i:1, f:1
0x120a06340/32	PUSH.i	1
0x120a06360/33	SUB.i	// 1-1 -> 0
0x120a06380/32	FPLOAD	-3	// i:1, f:1
0x120a063a0/33	FPLOAD	-2	// i:1, f:2.122e-314
0x120a063c0/34	PUSH.i	1
0x120a063e0/35	SUB.i	// 1-1 -> 0
0x120a06400/34	CALL	0x120a06040
0x120a06040/35	ENTER	0
0x120a06060/36	FPLOAD	-3	// i:1, f:1
0x120a06080/37	PUSH.i	0
0x120a060a0/38	EQ.i	// 1==0 -> 0
0x120a060c0/37	JF	0x120a06160	// 0
0x120a06160/36	FPLOAD	-3	// i:1, f:1
0x120a06180/37	PUSH.i	0
0x120a061a0/38	GT.i	// 1>0 -> 1
0x120a061c0/37	FPLOAD	-2	// i:0, f:2.122e-314
0x120a061e0/38	PUSH.i	0
0x120a06200/39	EQ.i	// 0==0 -> 1
0x120a06220/38	AND	// 1&&1 -> 1
0x120a06240/37	JF	0x120a06320	// 1
0x120a06260/36	FPLOAD	-3	// i:1, f:1
0x120a06280/37	PUSH.i	1
0x120a062a0/38	SUB.i	// 1-1 -> 0
0x120a062c0/37	PUSH.i	1
0x120a062e0/38	CALL	0x120a06040
0x120a06040/39	ENTER	0
0x120a06060/40	FPLOAD	-3	// i:0, f:1
0x120a06080/41	PUSH.i	0
0x120a060a0/42	EQ.i	// 0==0 -> 1
0x120a060c0/41	JF	0x120a06160	// 1
0x120a060e0/40	FPLOAD	-2	// i:1, f:2.122e-314
0x120a06100/41	PUSH.i	1
0x120a06120/42	ADD.i	// 1+1 -> 2
0x120a06140/41	RET	2	// return value: i:2, f:2.122e-314
0x120a06300/37	RET	2	// return value: i:2, f:2.122e-314
0x120a06420/33	CALL	0x120a06040
0x120a06040/34	ENTER	0
0x120a06060/35	FPLOAD	-3	// i:0, f:1
0x120a06080/36	PUSH.i	0
0x120a060a0/37	EQ.i	// 0==0 -> 1
0x120a060c0/36	JF	0x120a06160	// 1
0x120a060e0/35	FPLOAD	-2	// i:2, f:2.122e-314
0x120a06100/36	PUSH.i	1
0x120a06120/37	ADD.i	// 2+1 -> 3
0x120a06140/36	RET	2	// return value: i:3, f:2.122e-314
0x120a06440/32	RET	2	// return value: i:3, f:2.122e-314
0x120a06420/28	CALL	0x120a06040
0x120a06040/29	ENTER	0
0x120a06060/30	FPLOAD	-3	// i:0, f:1
0x120a06080/31	PUSH.i	0
0x120a060a0/32	EQ.i	// 0==0 -> 1
0x120a060c0/31	JF	0x120a06160	// 1
0x120a060e0/30	FPLOAD	-2	// i:3, f:2.122e-314
0x120a06100/31	PUSH.i	1
0x120a06120/32	ADD.i	// 3+1 -> 4
0x120a06140/31	RET	2	// return value: i:4, f:2.122e-314
0x120a06440/27	RET	2	// return value: i:4, f:2.122e-314
0x120a06420/23	CALL	0x120a06040
0x120a06040/24	ENTER	0
0x120a06060/25	FPLOAD	-3	// i:0, f:1
0x120a06080/26	PUSH.i	0
0x120a060a0/27	EQ.i	// 0==0 -> 1
0x120a060c0/26	JF	0x120a06160	// 1
0x120a060e0/25	FPLOAD	-2	// i:4, f:2.122e-314
0x120a06100/26	PUSH.i	1
0x120a06120/27	ADD.i	// 4+1 -> 5
0x120a06140/26	RET	2	// return value: i:5, f:2.122e-314
0x120a06440/22	RET	2	// return value: i:5, f:2.122e-314
0x120a06420/18	CALL	0x120a06040
0x120a06040/19	ENTER	0
0x120a06060/20	FPLOAD	-3	// i:0, f:1
0x120a06080/21	PUSH.i	0
0x120a060a0/22	EQ.i	// 0==0 -> 1
0x120a060c0/21	JF	0x120a06160	// 1
0x120a060e0/20	FPLOAD	-2	// i:5, f:2.122e-314
0x120a06100/21	PUSH.i	1
0x120a06120/22	ADD.i	// 5+1 -> 6
0x120a06140/21	RET	2	// return value: i:6, f:2.122e-314
0x120a06440/17	RET	2	// return value: i:6, f:2.122e-314
0x120a06420/13	CALL	0x120a06040
0x120a06040/14	ENTER	0
0x120a06060/15	FPLOAD	-3	// i:0, f:1
0x120a06080/16	PUSH.i	0
0x120a060a0/17	EQ.i	// 0==0 -> 1
0x120a060c0/16	JF	0x120a06160	// 1
0x120a060e0/15	FPLOAD	-2	// i:6, f:2.122e-314
0x120a06100/16	PUSH.i	1
0x120a06120/17	ADD.i	// 6+1 -> 7
0x120a06140/16	RET	2	// return value: i:7, f:2.122e-314
0x120a06440/12	RET	2	// return value: i:7, f:2.122e-314
0x120a06440/8	RET	2	// return value: i:7, f:2.122e-314
0x120a06020/4	HALT